Using pre-set license
Built from '2020.3/staging' branch; Version is '2020.3.13f1 (71691879b7f5) revision 7432472'; Using compiler version '192528614'; Build Type 'Release'
OS: 'Windows 10 Pro; OS build 19042.1110; Version 2009; 64bit' Language: 'en' Physical Memory: 8156 MB
BatchMode: 1, IsHumanControllingUs: 0, StartBugReporterOnCrash: 0, Is64bit: 1, IsPro: 0

 COMMAND LINE ARGUMENTS:
D:\Unity\2020.3.13f1\Editor\Unity.exe
-adb2
-batchMode
-noUpm
-name
AssetImportWorker0
-projectPath
D:/UnityProjects/3D/SamuraiExploreDungeon
-logFile
Logs/AssetImportWorker0.log
-srvPort
65406
Successfully changed project path to: D:/UnityProjects/3D/SamuraiExploreDungeon
D:/UnityProjects/3D/SamuraiExploreDungeon
Using Asset Import Pipeline V2.
Refreshing native plugins compatible for Editor in 211.54 ms, found 2 plugins.
Preloading 0 native plugins for Editor in 0.00 ms.
Initialize engine version: 2020.3.13f1 (71691879b7f5)
[Subsystems] Discovering subsystems at path D:/Unity/2020.3.13f1/Editor/Data/Resources/UnitySubsystems
[Subsystems] Discovering subsystems at path D:/UnityProjects/3D/SamuraiExploreDungeon/Assets
GfxDevice: creating device client; threaded=0
Direct3D:
    Version:  Direct3D 11.0 [level 11.1]
    Renderer: Radeon RX 570 Series (ID=0x67df)
    Vendor:   
    VRAM:     8171 MB
    Driver:   27.20.22001.16006
Shader 'Universal Render Pipeline/Particles/Lit': fallback shader 'Universal Render Pipeline/Particles/SimpleLit' not found
Initialize mono
Mono path[0] = 'D:/Unity/2020.3.13f1/Editor/Data/Managed'
Mono path[1] = 'D:/Unity/2020.3.13f1/Editor/Data/MonoBleedingEdge/lib/mono/unityjit'
Mono config path = 'D:/Unity/2020.3.13f1/Editor/Data/MonoBleedingEdge/etc'
Using monoOptions --debugger-agent=transport=dt_socket,embedding=1,server=y,suspend=n,address=127.0.0.1:56432
Begin MonoManager ReloadAssembly
Registering precompiled unity dll's ...
Register platform support module: D:/Unity/2020.3.13f1/Editor/Data/PlaybackEngines/WindowsStandaloneSupport/UnityEditor.WindowsStandalone.Extensions.dll
Registered in 0.002213 seconds.
Native extension for WindowsStandalone target not found
Refreshing native plugins compatible for Editor in 139.35 ms, found 2 plugins.
Preloading 0 native plugins for Editor in 0.00 ms.
Mono: successfully reloaded assembly
- Completed reload, in  2.564 seconds
Platform modules already initialized, skipping
Registering precompiled user dll's ...
Registered in 0.007957 seconds.
Begin MonoManager ReloadAssembly
Native extension for WindowsStandalone target not found
Refreshing native plugins compatible for Editor in 70.66 ms, found 2 plugins.
Preloading 0 native plugins for Editor in 0.00 ms.
Mono: successfully reloaded assembly
- Completed reload, in  1.807 seconds
Platform modules already initialized, skipping
========================================================================
Worker process is ready to serve import requests
Shader 'Universal Render Pipeline/Particles/Lit': fallback shader 'Universal Render Pipeline/Particles/SimpleLit' not found
Launched and connected shader compiler UnityShaderCompiler.exe after 0.06 seconds
Refreshing native plugins compatible for Editor in 0.70 ms, found 2 plugins.
Preloading 0 native plugins for Editor in 0.00 ms.
Unloading 3403 Unused Serialized files (Serialized files now loaded: 0)
System memory in use before: 240.2 MB.
System memory in use after: 240.4 MB.

Unloading 25 unused Assets to reduce memory usage. Loaded Objects now: 3863.
Total: 3.534100 ms (FindLiveObjects: 0.416100 ms CreateObjectMapping: 0.266000 ms MarkObjects: 2.681800 ms  DeleteObjects: 0.168700 ms)

AssetImportParameters requested are different than current active one (requested -> active):
  custom:framework-win-MediaFoundation: 216162199b28c13a410421893ffa2e32 -> 
  custom:video-decoder-ogg-theora: a1e56fd34408186e4bbccfd4996cb3dc -> 
  custom:container-muxer-webm: aa71ff27fc2769a1b78a27578f13a17b -> 
  custom:container-demuxer-webm: 4f35f7cbe854078d1ac9338744f61a02 -> 
  custom:container-demuxer-ogg: 62fdf1f143b41e24485cea50d1cbac27 -> 
  custom:video-encoder-webm-vp8: eb34c28f22e8b96e1ab97ce403110664 -> 
  custom:video-decoder-webm-vp8: 9c59270c3fd7afecdb556c50c9e8de78 -> 
  custom:audio-decoder-ogg-vorbis: bf7c407c2cedff20999df2af8eb42d56 -> 
  custom:audio-encoder-webm-vorbis: bf7c407c2cedff20999df2af8eb42d56 -> 
========================================================================
Received Import Request.
  path: Assets/Prefabs/Cameras/Cameras.prefab
  artifactKey: Guid(a1a1d9408decbf843bd2cd00593535b0) Importer(815301076,1909f56bfc062723c751e8b465ee728b)
Start importing Assets/Prefabs/Cameras/Cameras.prefab using Guid(a1a1d9408decbf843bd2cd00593535b0) Importer(815301076,1909f56bfc062723c751e8b465ee728b)  -> (artifact id: '8e84222172f5300018703639b1575447') in 0.088421 seconds 
  Import took 0.095912 seconds .

========================================================================
Received Import Request.
  Time since last request: 7.047014 seconds.
  path: Assets/Prefabs/Cameras/Cameras.prefab
  artifactKey: Guid(a1a1d9408decbf843bd2cd00593535b0) Importer(815301076,1909f56bfc062723c751e8b465ee728b)
Start importing Assets/Prefabs/Cameras/Cameras.prefab using Guid(a1a1d9408decbf843bd2cd00593535b0) Importer(815301076,1909f56bfc062723c751e8b465ee728b)  -> (artifact id: 'aba0e1236e5426f91b54df116c305d95') in 0.006330 seconds 
  Import took 0.015006 seconds .

========================================================================
Received Import Request.
  Time since last request: 0.000278 seconds.
  path: Assets/Prefabs/Cameras/Main Camera.prefab
  artifactKey: Guid(f0f4bf64425516b4b90ea552a93ce50b) Importer(815301076,1909f56bfc062723c751e8b465ee728b)
Start importing Assets/Prefabs/Cameras/Main Camera.prefab using Guid(f0f4bf64425516b4b90ea552a93ce50b) Importer(815301076,1909f56bfc062723c751e8b465ee728b)  -> (artifact id: '2aa6b720f2ecf4f8082315ec7fdfa52b') in 0.039215 seconds 
  Import took 0.050105 seconds .

========================================================================
Received Import Request.
  Time since last request: 1.553844 seconds.
  path: Assets/Prefabs/Cameras/Cameras.prefab
  artifactKey: Guid(a1a1d9408decbf843bd2cd00593535b0) Importer(815301076,1909f56bfc062723c751e8b465ee728b)
Start importing Assets/Prefabs/Cameras/Cameras.prefab using Guid(a1a1d9408decbf843bd2cd00593535b0) Importer(815301076,1909f56bfc062723c751e8b465ee728b)  -> (artifact id: 'e6603db6e2adf9779866ee021567a6a9') in 0.006420 seconds 
  Import took 0.014981 seconds .

========================================================================
Received Import Request.
  Time since last request: 0.000233 seconds.
  path: Assets/Prefabs/Cameras/Main Camera.prefab
  artifactKey: Guid(f0f4bf64425516b4b90ea552a93ce50b) Importer(815301076,1909f56bfc062723c751e8b465ee728b)
Start importing Assets/Prefabs/Cameras/Main Camera.prefab using Guid(f0f4bf64425516b4b90ea552a93ce50b) Importer(815301076,1909f56bfc062723c751e8b465ee728b)  -> (artifact id: '0e810ded1744357b8eb94b5841993478') in 0.027861 seconds 
  Import took 0.039079 seconds .

========================================================================
Received Import Request.
  Time since last request: 1.845642 seconds.
  path: Assets/Prefabs/Cameras/Cameras.prefab
  artifactKey: Guid(a1a1d9408decbf843bd2cd00593535b0) Importer(815301076,1909f56bfc062723c751e8b465ee728b)
Start importing Assets/Prefabs/Cameras/Cameras.prefab using Guid(a1a1d9408decbf843bd2cd00593535b0) Importer(815301076,1909f56bfc062723c751e8b465ee728b)  -> (artifact id: 'f5a6d2bb2a2b8f9aa2d9c2c9c3d3cdfe') in 0.005754 seconds 
  Import took 0.013931 seconds .

========================================================================
Received Import Request.
  Time since last request: 0.000247 seconds.
  path: Assets/Prefabs/Cameras/Main Camera.prefab
  artifactKey: Guid(f0f4bf64425516b4b90ea552a93ce50b) Importer(815301076,1909f56bfc062723c751e8b465ee728b)
Start importing Assets/Prefabs/Cameras/Main Camera.prefab using Guid(f0f4bf64425516b4b90ea552a93ce50b) Importer(815301076,1909f56bfc062723c751e8b465ee728b)  -> (artifact id: '165b8937840a66732a71432a2997112a') in 0.026910 seconds 
  Import took 0.036235 seconds .

========================================================================
Received Import Request.
  Time since last request: 4.263614 seconds.
  path: Assets/Prefabs/Cameras/Cameras.prefab
  artifactKey: Guid(a1a1d9408decbf843bd2cd00593535b0) Importer(815301076,1909f56bfc062723c751e8b465ee728b)
Start importing Assets/Prefabs/Cameras/Cameras.prefab using Guid(a1a1d9408decbf843bd2cd00593535b0) Importer(815301076,1909f56bfc062723c751e8b465ee728b)  -> (artifact id: 'd78e580c47f4e61ce59b9d5a8717a74c') in 0.005141 seconds 
  Import took 0.013610 seconds .

========================================================================
Received Import Request.
  Time since last request: 0.000189 seconds.
  path: Assets/Prefabs/Cameras/Main Camera.prefab
  artifactKey: Guid(f0f4bf64425516b4b90ea552a93ce50b) Importer(815301076,1909f56bfc062723c751e8b465ee728b)
Start importing Assets/Prefabs/Cameras/Main Camera.prefab using Guid(f0f4bf64425516b4b90ea552a93ce50b) Importer(815301076,1909f56bfc062723c751e8b465ee728b)  -> (artifact id: '3b25cb9c5a2a1566af82de31aef8f53f') in 0.003428 seconds 
  Import took 0.011262 seconds .

========================================================================
Received Import Request.
  Time since last request: 328.365590 seconds.
  path: Assets/Shaders/Environment
  artifactKey: Guid(4dac5cf0829d8f641a31ee8c038d8d57) Importer(815301076,1909f56bfc062723c751e8b465ee728b)
Start importing Assets/Shaders/Environment using Guid(4dac5cf0829d8f641a31ee8c038d8d57) Importer(815301076,1909f56bfc062723c751e8b465ee728b)  -> (artifact id: '7c46205c5b219fa5f7fee85da69d73ce') in 0.003569 seconds 
  Import took 0.020776 seconds .

========================================================================
Received Import Request.
  Time since last request: 6.573019 seconds.
  path: Assets/Scenes/Testing/EverythingTest.unity
  artifactKey: Guid(8b6844168f24cc44780e48499d1d30a8) Importer(815301076,1909f56bfc062723c751e8b465ee728b)
Start importing Assets/Scenes/Testing/EverythingTest.unity using Guid(8b6844168f24cc44780e48499d1d30a8) Importer(815301076,1909f56bfc062723c751e8b465ee728b)  -> (artifact id: 'f08d2bc20770c0128ed6f9b7d0e8476a') in 0.005394 seconds 
  Import took 0.017852 seconds .

========================================================================
Received Prepare
Registering precompiled user dll's ...
Registered in 0.004323 seconds.
Begin MonoManager ReloadAssembly
Native extension for WindowsStandalone target not found
Refreshing native plugins compatible for Editor in 0.65 ms, found 2 plugins.
Preloading 0 native plugins for Editor in 0.00 ms.
Mono: successfully reloaded assembly
- Completed reload, in  1.508 seconds
Platform modules already initialized, skipping
Shader 'Universal Render Pipeline/Particles/Lit': fallback shader 'Universal Render Pipeline/Particles/SimpleLit' not found
Refreshing native plugins compatible for Editor in 0.65 ms, found 2 plugins.
Preloading 0 native plugins for Editor in 0.00 ms.
Unloading 3255 Unused Serialized files (Serialized files now loaded: 0)
System memory in use before: 229.8 MB.
System memory in use after: 230.0 MB.

Unloading 19 unused Assets to reduce memory usage. Loaded Objects now: 3866.
Total: 3.136000 ms (FindLiveObjects: 0.357600 ms CreateObjectMapping: 0.199200 ms MarkObjects: 2.479900 ms  DeleteObjects: 0.097900 ms)

AssetImportParameters requested are different than current active one (requested -> active):
  custom:framework-win-MediaFoundation: 216162199b28c13a410421893ffa2e32 -> 
  custom:video-decoder-ogg-theora: a1e56fd34408186e4bbccfd4996cb3dc -> 
  custom:container-muxer-webm: aa71ff27fc2769a1b78a27578f13a17b -> 
  custom:container-demuxer-webm: 4f35f7cbe854078d1ac9338744f61a02 -> 
  custom:container-demuxer-ogg: 62fdf1f143b41e24485cea50d1cbac27 -> 
  custom:video-encoder-webm-vp8: eb34c28f22e8b96e1ab97ce403110664 -> 
  custom:video-decoder-webm-vp8: 9c59270c3fd7afecdb556c50c9e8de78 -> 
  custom:audio-decoder-ogg-vorbis: bf7c407c2cedff20999df2af8eb42d56 -> 
  custom:audio-encoder-webm-vorbis: bf7c407c2cedff20999df2af8eb42d56 -> 
========================================================================
Received Prepare
Registering precompiled user dll's ...
Registered in 0.004975 seconds.
Begin MonoManager ReloadAssembly
Native extension for WindowsStandalone target not found
Refreshing native plugins compatible for Editor in 1.05 ms, found 2 plugins.
Preloading 0 native plugins for Editor in 0.00 ms.
Mono: successfully reloaded assembly
- Completed reload, in  1.668 seconds
Platform modules already initialized, skipping
Shader 'Universal Render Pipeline/Particles/Lit': fallback shader 'Universal Render Pipeline/Particles/SimpleLit' not found
Refreshing native plugins compatible for Editor in 0.63 ms, found 2 plugins.
Preloading 0 native plugins for Editor in 0.00 ms.
Unloading 3255 Unused Serialized files (Serialized files now loaded: 0)
System memory in use before: 229.8 MB.
System memory in use after: 230.1 MB.

Unloading 19 unused Assets to reduce memory usage. Loaded Objects now: 3869.
Total: 3.360200 ms (FindLiveObjects: 0.384900 ms CreateObjectMapping: 0.186600 ms MarkObjects: 2.684000 ms  DeleteObjects: 0.103500 ms)

AssetImportParameters requested are different than current active one (requested -> active):
  custom:framework-win-MediaFoundation: 216162199b28c13a410421893ffa2e32 -> 
  custom:video-decoder-ogg-theora: a1e56fd34408186e4bbccfd4996cb3dc -> 
  custom:container-muxer-webm: aa71ff27fc2769a1b78a27578f13a17b -> 
  custom:container-demuxer-webm: 4f35f7cbe854078d1ac9338744f61a02 -> 
  custom:container-demuxer-ogg: 62fdf1f143b41e24485cea50d1cbac27 -> 
  custom:video-encoder-webm-vp8: eb34c28f22e8b96e1ab97ce403110664 -> 
  custom:video-decoder-webm-vp8: 9c59270c3fd7afecdb556c50c9e8de78 -> 
  custom:audio-decoder-ogg-vorbis: bf7c407c2cedff20999df2af8eb42d56 -> 
  custom:audio-encoder-webm-vorbis: bf7c407c2cedff20999df2af8eb42d56 -> 
========================================================================
Received Prepare
Registering precompiled user dll's ...
Registered in 0.003637 seconds.
Begin MonoManager ReloadAssembly
Native extension for WindowsStandalone target not found
Refreshing native plugins compatible for Editor in 0.92 ms, found 2 plugins.
Preloading 0 native plugins for Editor in 0.00 ms.
Mono: successfully reloaded assembly
- Completed reload, in  1.836 seconds
Platform modules already initialized, skipping
Shader 'Universal Render Pipeline/Particles/Lit': fallback shader 'Universal Render Pipeline/Particles/SimpleLit' not found
Refreshing native plugins compatible for Editor in 0.83 ms, found 2 plugins.
Preloading 0 native plugins for Editor in 0.00 ms.
Unloading 3255 Unused Serialized files (Serialized files now loaded: 0)
System memory in use before: 229.9 MB.
System memory in use after: 230.1 MB.

Unloading 19 unused Assets to reduce memory usage. Loaded Objects now: 3872.
Total: 4.007300 ms (FindLiveObjects: 0.357300 ms CreateObjectMapping: 0.197300 ms MarkObjects: 3.347100 ms  DeleteObjects: 0.104300 ms)

AssetImportParameters requested are different than current active one (requested -> active):
  custom:framework-win-MediaFoundation: 216162199b28c13a410421893ffa2e32 -> 
  custom:video-decoder-ogg-theora: a1e56fd34408186e4bbccfd4996cb3dc -> 
  custom:container-muxer-webm: aa71ff27fc2769a1b78a27578f13a17b -> 
  custom:container-demuxer-webm: 4f35f7cbe854078d1ac9338744f61a02 -> 
  custom:container-demuxer-ogg: 62fdf1f143b41e24485cea50d1cbac27 -> 
  custom:video-encoder-webm-vp8: eb34c28f22e8b96e1ab97ce403110664 -> 
  custom:video-decoder-webm-vp8: 9c59270c3fd7afecdb556c50c9e8de78 -> 
  custom:audio-decoder-ogg-vorbis: bf7c407c2cedff20999df2af8eb42d56 -> 
  custom:audio-encoder-webm-vorbis: bf7c407c2cedff20999df2af8eb42d56 -> 
========================================================================
Received Import Request.
  Time since last request: 977.114191 seconds.
  path: Assets/Prefabs/Cameras/Cameras.prefab
  artifactKey: Guid(a1a1d9408decbf843bd2cd00593535b0) Importer(815301076,1909f56bfc062723c751e8b465ee728b)
Start importing Assets/Prefabs/Cameras/Cameras.prefab using Guid(a1a1d9408decbf843bd2cd00593535b0) Importer(815301076,1909f56bfc062723c751e8b465ee728b)  -> (artifact id: '0cadb7369d1864798e69ea121d0a5aeb') in 0.033218 seconds 
  Import took 0.041232 seconds .

========================================================================
Received Import Request.
  Time since last request: 0.000310 seconds.
  path: Assets/Prefabs/Cameras/Main Camera.prefab
  artifactKey: Guid(f0f4bf64425516b4b90ea552a93ce50b) Importer(815301076,1909f56bfc062723c751e8b465ee728b)
Start importing Assets/Prefabs/Cameras/Main Camera.prefab using Guid(f0f4bf64425516b4b90ea552a93ce50b) Importer(815301076,1909f56bfc062723c751e8b465ee728b)  -> (artifact id: '310ce4d82510dae95a01819a1bca03ce') in 0.003064 seconds 
  Import took 0.012891 seconds .

========================================================================
Received Import Request.
  Time since last request: 0.000371 seconds.
  path: Assets/Prefabs/Cameras/FreeLookCam.prefab
  artifactKey: Guid(b6cfc55decacca44297f5a8f50986b80) Importer(815301076,1909f56bfc062723c751e8b465ee728b)
Start importing Assets/Prefabs/Cameras/FreeLookCam.prefab using Guid(b6cfc55decacca44297f5a8f50986b80) Importer(815301076,1909f56bfc062723c751e8b465ee728b)  -> (artifact id: '013c8485feb5a9ee69791b02559032d1') in 0.039112 seconds 
  Import took 0.047212 seconds .

========================================================================
Received Import Request.
  Time since last request: 3.442188 seconds.
  path: Assets/Prefabs/Cameras/Cameras.prefab
  artifactKey: Guid(a1a1d9408decbf843bd2cd00593535b0) Importer(815301076,1909f56bfc062723c751e8b465ee728b)
Start importing Assets/Prefabs/Cameras/Cameras.prefab using Guid(a1a1d9408decbf843bd2cd00593535b0) Importer(815301076,1909f56bfc062723c751e8b465ee728b)  -> (artifact id: '3588b7770c8950d1dd95c3d8cace48e5') in 0.007461 seconds 
  Import took 0.018282 seconds .

========================================================================
Received Import Request.
  Time since last request: 10.789775 seconds.
  path: Assets/Prefabs/Cameras/Cameras.prefab
  artifactKey: Guid(a1a1d9408decbf843bd2cd00593535b0) Importer(815301076,1909f56bfc062723c751e8b465ee728b)
Start importing Assets/Prefabs/Cameras/Cameras.prefab using Guid(a1a1d9408decbf843bd2cd00593535b0) Importer(815301076,1909f56bfc062723c751e8b465ee728b)  -> (artifact id: '381db3179f1a1c6b20ac47dcf4ce2980') in 0.003580 seconds 
  Import took 0.011706 seconds .

========================================================================
Received Import Request.
  Time since last request: 1.924978 seconds.
  path: Assets/Prefabs/Cameras/Cameras.prefab
  artifactKey: Guid(a1a1d9408decbf843bd2cd00593535b0) Importer(815301076,1909f56bfc062723c751e8b465ee728b)
Start importing Assets/Prefabs/Cameras/Cameras.prefab using Guid(a1a1d9408decbf843bd2cd00593535b0) Importer(815301076,1909f56bfc062723c751e8b465ee728b)  -> (artifact id: '876e35c9be82e65b579f508382b0b892') in 0.004635 seconds 
  Import took 0.013747 seconds .

========================================================================
Received Import Request.
  Time since last request: 108.955588 seconds.
  path: Assets/Scenes/Testing/ModelTest.unity
  artifactKey: Guid(bb801f2494d8c8445b3dbd88b3c3db5a) Importer(815301076,1909f56bfc062723c751e8b465ee728b)
Start importing Assets/Scenes/Testing/ModelTest.unity using Guid(bb801f2494d8c8445b3dbd88b3c3db5a) Importer(815301076,1909f56bfc062723c751e8b465ee728b)  -> (artifact id: '0be2b851a5602556fe1a61ea2a35cf40') in 0.002777 seconds 
  Import took 0.010793 seconds .

========================================================================
Received Prepare
Registering precompiled user dll's ...
Registered in 0.004703 seconds.
Begin MonoManager ReloadAssembly
Native extension for WindowsStandalone target not found
Refreshing native plugins compatible for Editor in 0.77 ms, found 2 plugins.
Preloading 0 native plugins for Editor in 0.00 ms.
Mono: successfully reloaded assembly
- Completed reload, in  1.613 seconds
Platform modules already initialized, skipping
Shader 'Universal Render Pipeline/Particles/Lit': fallback shader 'Universal Render Pipeline/Particles/SimpleLit' not found
Refreshing native plugins compatible for Editor in 0.89 ms, found 2 plugins.
Preloading 0 native plugins for Editor in 0.00 ms.
Unloading 3255 Unused Serialized files (Serialized files now loaded: 0)
System memory in use before: 229.9 MB.
System memory in use after: 230.1 MB.

Unloading 19 unused Assets to reduce memory usage. Loaded Objects now: 3875.
Total: 4.731100 ms (FindLiveObjects: 0.471100 ms CreateObjectMapping: 0.409900 ms MarkObjects: 3.741000 ms  DeleteObjects: 0.106400 ms)

AssetImportParameters requested are different than current active one (requested -> active):
  custom:framework-win-MediaFoundation: 216162199b28c13a410421893ffa2e32 -> 
  custom:video-decoder-ogg-theora: a1e56fd34408186e4bbccfd4996cb3dc -> 
  custom:container-muxer-webm: aa71ff27fc2769a1b78a27578f13a17b -> 
  custom:container-demuxer-webm: 4f35f7cbe854078d1ac9338744f61a02 -> 
  custom:container-demuxer-ogg: 62fdf1f143b41e24485cea50d1cbac27 -> 
  custom:video-encoder-webm-vp8: eb34c28f22e8b96e1ab97ce403110664 -> 
  custom:video-decoder-webm-vp8: 9c59270c3fd7afecdb556c50c9e8de78 -> 
  custom:audio-decoder-ogg-vorbis: bf7c407c2cedff20999df2af8eb42d56 -> 
  custom:audio-encoder-webm-vorbis: bf7c407c2cedff20999df2af8eb42d56 -> 
========================================================================
Received Prepare
Registering precompiled user dll's ...
Registered in 0.003626 seconds.
Begin MonoManager ReloadAssembly
Native extension for WindowsStandalone target not found
Refreshing native plugins compatible for Editor in 0.66 ms, found 2 plugins.
Preloading 0 native plugins for Editor in 0.00 ms.
Mono: successfully reloaded assembly
- Completed reload, in  1.611 seconds
Platform modules already initialized, skipping
Shader 'Universal Render Pipeline/Particles/Lit': fallback shader 'Universal Render Pipeline/Particles/SimpleLit' not found
Refreshing native plugins compatible for Editor in 0.70 ms, found 2 plugins.
Preloading 0 native plugins for Editor in 0.00 ms.
Unloading 3255 Unused Serialized files (Serialized files now loaded: 0)
System memory in use before: 229.9 MB.
System memory in use after: 230.2 MB.

Unloading 19 unused Assets to reduce memory usage. Loaded Objects now: 3878.
Total: 3.117000 ms (FindLiveObjects: 0.367000 ms CreateObjectMapping: 0.206700 ms MarkObjects: 2.433100 ms  DeleteObjects: 0.108700 ms)

AssetImportParameters requested are different than current active one (requested -> active):
  custom:framework-win-MediaFoundation: 216162199b28c13a410421893ffa2e32 -> 
  custom:video-decoder-ogg-theora: a1e56fd34408186e4bbccfd4996cb3dc -> 
  custom:container-muxer-webm: aa71ff27fc2769a1b78a27578f13a17b -> 
  custom:container-demuxer-webm: 4f35f7cbe854078d1ac9338744f61a02 -> 
  custom:container-demuxer-ogg: 62fdf1f143b41e24485cea50d1cbac27 -> 
  custom:video-encoder-webm-vp8: eb34c28f22e8b96e1ab97ce403110664 -> 
  custom:video-decoder-webm-vp8: 9c59270c3fd7afecdb556c50c9e8de78 -> 
  custom:audio-decoder-ogg-vorbis: bf7c407c2cedff20999df2af8eb42d56 -> 
  custom:audio-encoder-webm-vorbis: bf7c407c2cedff20999df2af8eb42d56 -> 
========================================================================
Received Prepare
Registering precompiled user dll's ...
Registered in 0.005495 seconds.
Begin MonoManager ReloadAssembly
Native extension for WindowsStandalone target not found
Refreshing native plugins compatible for Editor in 0.65 ms, found 2 plugins.
Preloading 0 native plugins for Editor in 0.00 ms.
Mono: successfully reloaded assembly
- Completed reload, in  1.532 seconds
Platform modules already initialized, skipping
Shader 'Universal Render Pipeline/Particles/Lit': fallback shader 'Universal Render Pipeline/Particles/SimpleLit' not found
Refreshing native plugins compatible for Editor in 0.64 ms, found 2 plugins.
Preloading 0 native plugins for Editor in 0.00 ms.
Unloading 3255 Unused Serialized files (Serialized files now loaded: 0)
System memory in use before: 229.9 MB.
System memory in use after: 230.2 MB.

Unloading 19 unused Assets to reduce memory usage. Loaded Objects now: 3881.
Total: 3.846700 ms (FindLiveObjects: 0.356500 ms CreateObjectMapping: 0.197700 ms MarkObjects: 3.168400 ms  DeleteObjects: 0.122600 ms)

AssetImportParameters requested are different than current active one (requested -> active):
  custom:framework-win-MediaFoundation: 216162199b28c13a410421893ffa2e32 -> 
  custom:video-decoder-ogg-theora: a1e56fd34408186e4bbccfd4996cb3dc -> 
  custom:container-muxer-webm: aa71ff27fc2769a1b78a27578f13a17b -> 
  custom:container-demuxer-webm: 4f35f7cbe854078d1ac9338744f61a02 -> 
  custom:container-demuxer-ogg: 62fdf1f143b41e24485cea50d1cbac27 -> 
  custom:video-encoder-webm-vp8: eb34c28f22e8b96e1ab97ce403110664 -> 
  custom:video-decoder-webm-vp8: 9c59270c3fd7afecdb556c50c9e8de78 -> 
  custom:audio-decoder-ogg-vorbis: bf7c407c2cedff20999df2af8eb42d56 -> 
  custom:audio-encoder-webm-vorbis: bf7c407c2cedff20999df2af8eb42d56 -> 
========================================================================
Received Prepare
Registering precompiled user dll's ...
Registered in 0.003437 seconds.
Begin MonoManager ReloadAssembly
Native extension for WindowsStandalone target not found
Refreshing native plugins compatible for Editor in 1.66 ms, found 2 plugins.
Preloading 0 native plugins for Editor in 0.00 ms.
Mono: successfully reloaded assembly
- Completed reload, in  1.575 seconds
Platform modules already initialized, skipping
Shader 'Universal Render Pipeline/Particles/Lit': fallback shader 'Universal Render Pipeline/Particles/SimpleLit' not found
Refreshing native plugins compatible for Editor in 1.40 ms, found 2 plugins.
Preloading 0 native plugins for Editor in 0.00 ms.
Unloading 3255 Unused Serialized files (Serialized files now loaded: 0)
System memory in use before: 230.0 MB.
System memory in use after: 230.2 MB.

Unloading 19 unused Assets to reduce memory usage. Loaded Objects now: 3884.
Total: 3.939600 ms (FindLiveObjects: 0.391400 ms CreateObjectMapping: 0.354900 ms MarkObjects: 3.027600 ms  DeleteObjects: 0.164100 ms)

AssetImportParameters requested are different than current active one (requested -> active):
  custom:framework-win-MediaFoundation: 216162199b28c13a410421893ffa2e32 -> 
  custom:video-decoder-ogg-theora: a1e56fd34408186e4bbccfd4996cb3dc -> 
  custom:container-muxer-webm: aa71ff27fc2769a1b78a27578f13a17b -> 
  custom:container-demuxer-webm: 4f35f7cbe854078d1ac9338744f61a02 -> 
  custom:container-demuxer-ogg: 62fdf1f143b41e24485cea50d1cbac27 -> 
  custom:video-encoder-webm-vp8: eb34c28f22e8b96e1ab97ce403110664 -> 
  custom:video-decoder-webm-vp8: 9c59270c3fd7afecdb556c50c9e8de78 -> 
  custom:audio-decoder-ogg-vorbis: bf7c407c2cedff20999df2af8eb42d56 -> 
  custom:audio-encoder-webm-vorbis: bf7c407c2cedff20999df2af8eb42d56 -> 
========================================================================
Received Prepare
Registering precompiled user dll's ...
Registered in 0.005079 seconds.
Begin MonoManager ReloadAssembly
Native extension for WindowsStandalone target not found
Refreshing native plugins compatible for Editor in 0.69 ms, found 2 plugins.
Preloading 0 native plugins for Editor in 0.00 ms.
Mono: successfully reloaded assembly
- Completed reload, in  2.060 seconds
Platform modules already initialized, skipping
Shader 'Universal Render Pipeline/Particles/Lit': fallback shader 'Universal Render Pipeline/Particles/SimpleLit' not found
Refreshing native plugins compatible for Editor in 0.69 ms, found 2 plugins.
Preloading 0 native plugins for Editor in 0.00 ms.
Unloading 3255 Unused Serialized files (Serialized files now loaded: 0)
System memory in use before: 230.0 MB.
System memory in use after: 230.2 MB.

Unloading 19 unused Assets to reduce memory usage. Loaded Objects now: 3887.
Total: 5.034500 ms (FindLiveObjects: 0.399300 ms CreateObjectMapping: 0.233500 ms MarkObjects: 4.236900 ms  DeleteObjects: 0.163300 ms)

AssetImportParameters requested are different than current active one (requested -> active):
  custom:framework-win-MediaFoundation: 216162199b28c13a410421893ffa2e32 -> 
  custom:video-decoder-ogg-theora: a1e56fd34408186e4bbccfd4996cb3dc -> 
  custom:container-muxer-webm: aa71ff27fc2769a1b78a27578f13a17b -> 
  custom:container-demuxer-webm: 4f35f7cbe854078d1ac9338744f61a02 -> 
  custom:container-demuxer-ogg: 62fdf1f143b41e24485cea50d1cbac27 -> 
  custom:video-encoder-webm-vp8: eb34c28f22e8b96e1ab97ce403110664 -> 
  custom:video-decoder-webm-vp8: 9c59270c3fd7afecdb556c50c9e8de78 -> 
  custom:audio-decoder-ogg-vorbis: bf7c407c2cedff20999df2af8eb42d56 -> 
  custom:audio-encoder-webm-vorbis: bf7c407c2cedff20999df2af8eb42d56 -> 
========================================================================
Received Prepare
Registering precompiled user dll's ...
Registered in 0.004791 seconds.
Begin MonoManager ReloadAssembly
Native extension for WindowsStandalone target not found
Refreshing native plugins compatible for Editor in 0.66 ms, found 2 plugins.
Preloading 0 native plugins for Editor in 0.00 ms.
Mono: successfully reloaded assembly
- Completed reload, in  1.992 seconds
Platform modules already initialized, skipping
Shader 'Universal Render Pipeline/Particles/Lit': fallback shader 'Universal Render Pipeline/Particles/SimpleLit' not found
Refreshing native plugins compatible for Editor in 0.87 ms, found 2 plugins.
Preloading 0 native plugins for Editor in 0.00 ms.
Unloading 3255 Unused Serialized files (Serialized files now loaded: 0)
System memory in use before: 230.0 MB.
System memory in use after: 230.2 MB.

Unloading 19 unused Assets to reduce memory usage. Loaded Objects now: 3890.
Total: 7.660600 ms (FindLiveObjects: 0.726500 ms CreateObjectMapping: 0.523000 ms MarkObjects: 6.227800 ms  DeleteObjects: 0.180700 ms)

AssetImportParameters requested are different than current active one (requested -> active):
  custom:framework-win-MediaFoundation: 216162199b28c13a410421893ffa2e32 -> 
  custom:video-decoder-ogg-theora: a1e56fd34408186e4bbccfd4996cb3dc -> 
  custom:container-muxer-webm: aa71ff27fc2769a1b78a27578f13a17b -> 
  custom:container-demuxer-webm: 4f35f7cbe854078d1ac9338744f61a02 -> 
  custom:container-demuxer-ogg: 62fdf1f143b41e24485cea50d1cbac27 -> 
  custom:video-encoder-webm-vp8: eb34c28f22e8b96e1ab97ce403110664 -> 
  custom:video-decoder-webm-vp8: 9c59270c3fd7afecdb556c50c9e8de78 -> 
  custom:audio-decoder-ogg-vorbis: bf7c407c2cedff20999df2af8eb42d56 -> 
  custom:audio-encoder-webm-vorbis: bf7c407c2cedff20999df2af8eb42d56 -> 
========================================================================
Received Import Request.
  Time since last request: 2198.941836 seconds.
  path: Packages/com.unity.render-pipelines.universal/Runtime/Data/ForwardRendererData.asset
  artifactKey: Guid(618d298269e66c542b306de85db1faea) Importer(815301076,1909f56bfc062723c751e8b465ee728b)
Start importing Packages/com.unity.render-pipelines.universal/Runtime/Data/ForwardRendererData.asset using Guid(618d298269e66c542b306de85db1faea) Importer(815301076,1909f56bfc062723c751e8b465ee728b)  -> (artifact id: '7ffe5b8dd4ec0f3dd7e51214fee37350') in 1.226264 seconds 
  Import took 4.630760 seconds .

========================================================================
Received Import Request.
  Time since last request: 0.009006 seconds.
  path: Packages/com.unity.render-pipelines.universal/Runtime/Data/PostProcessData.asset
  artifactKey: Guid(41439944d30ece34e96484bdb6645b55) Importer(815301076,1909f56bfc062723c751e8b465ee728b)
Start importing Packages/com.unity.render-pipelines.universal/Runtime/Data/PostProcessData.asset using Guid(41439944d30ece34e96484bdb6645b55) Importer(815301076,1909f56bfc062723c751e8b465ee728b)  -> (artifact id: '2c2f296f63f4472114a2b96490a4306a') in 0.005902 seconds 
  Import took 0.016513 seconds .

========================================================================
Received Import Request.
  Time since last request: 0.017263 seconds.
  path: Packages/com.unity.render-pipelines.universal/Runtime/Data/UniversalRenderPipelineEditorResources.asset
  artifactKey: Guid(a3d8d823eedde654bb4c11a1cfaf1abb) Importer(815301076,1909f56bfc062723c751e8b465ee728b)
Start importing Packages/com.unity.render-pipelines.universal/Runtime/Data/UniversalRenderPipelineEditorResources.asset using Guid(a3d8d823eedde654bb4c11a1cfaf1abb) Importer(815301076,1909f56bfc062723c751e8b465ee728b)  -> (artifact id: '9c3e58ccd182e569c24923da9ad0046c') in 0.168218 seconds 
  Import took 0.179329 seconds .

========================================================================
Received Import Request.
  Time since last request: 0.000304 seconds.
  path: Packages/com.unity.render-pipelines.universal/Runtime/Data/XRSystemData.asset
  artifactKey: Guid(60e1133243b97e347b653163a8c01b64) Importer(815301076,1909f56bfc062723c751e8b465ee728b)
Start importing Packages/com.unity.render-pipelines.universal/Runtime/Data/XRSystemData.asset using Guid(60e1133243b97e347b653163a8c01b64) Importer(815301076,1909f56bfc062723c751e8b465ee728b)  -> (artifact id: 'db3d6ee034f91dc239dac2051064cd71') in 0.003248 seconds 
  Import took 0.010623 seconds .

========================================================================
Received Import Request.
  Time since last request: 115.691379 seconds.
  path: Assets/Settings/Sample/UniversalRP-HighQuality.asset
  artifactKey: Guid(19ba41d7c0026c3459d37c2fe90c55a0) Importer(815301076,1909f56bfc062723c751e8b465ee728b)
Start importing Assets/Settings/Sample/UniversalRP-HighQuality.asset using Guid(19ba41d7c0026c3459d37c2fe90c55a0) Importer(815301076,1909f56bfc062723c751e8b465ee728b)  -> (artifact id: 'fa4b6105cbb791fec37f5b588b7509a7') in 0.013941 seconds 
  Import took 0.022946 seconds .

========================================================================
Received Import Request.
  Time since last request: 0.000208 seconds.
  path: Assets/Settings/Sample/UniversalRP-MediumQuality.asset
  artifactKey: Guid(d847b876476d3d6468f5dfcd34266f96) Importer(815301076,1909f56bfc062723c751e8b465ee728b)
Start importing Assets/Settings/Sample/UniversalRP-MediumQuality.asset using Guid(d847b876476d3d6468f5dfcd34266f96) Importer(815301076,1909f56bfc062723c751e8b465ee728b)  -> (artifact id: 'f4aad87ef8fc54297f069b74ab00ff96') in 0.003849 seconds 
  Import took 0.013543 seconds .

========================================================================
Received Prepare
Registering precompiled user dll's ...
Registered in 0.009307 seconds.
Begin MonoManager ReloadAssembly
Native extension for WindowsStandalone target not found
Refreshing native plugins compatible for Editor in 0.81 ms, found 2 plugins.
Preloading 0 native plugins for Editor in 0.00 ms.
Mono: successfully reloaded assembly
- Completed reload, in  1.758 seconds
Platform modules already initialized, skipping
Shader 'Universal Render Pipeline/Particles/Lit': fallback shader 'Universal Render Pipeline/Particles/SimpleLit' not found
Refreshing native plugins compatible for Editor in 2.18 ms, found 2 plugins.
Preloading 0 native plugins for Editor in 0.00 ms.
Unloading 3256 Unused Serialized files (Serialized files now loaded: 0)
System memory in use before: 230.0 MB.
System memory in use after: 230.2 MB.

Unloading 19 unused Assets to reduce memory usage. Loaded Objects now: 3894.
Total: 11.174200 ms (FindLiveObjects: 0.969800 ms CreateObjectMapping: 0.588000 ms MarkObjects: 9.229800 ms  DeleteObjects: 0.384700 ms)

AssetImportParameters requested are different than current active one (requested -> active):
  custom:framework-win-MediaFoundation: 216162199b28c13a410421893ffa2e32 -> 
  custom:video-decoder-ogg-theora: a1e56fd34408186e4bbccfd4996cb3dc -> 
  custom:container-muxer-webm: aa71ff27fc2769a1b78a27578f13a17b -> 
  custom:container-demuxer-webm: 4f35f7cbe854078d1ac9338744f61a02 -> 
  custom:container-demuxer-ogg: 62fdf1f143b41e24485cea50d1cbac27 -> 
  custom:video-encoder-webm-vp8: eb34c28f22e8b96e1ab97ce403110664 -> 
  custom:video-decoder-webm-vp8: 9c59270c3fd7afecdb556c50c9e8de78 -> 
  custom:audio-decoder-ogg-vorbis: bf7c407c2cedff20999df2af8eb42d56 -> 
  custom:audio-encoder-webm-vorbis: bf7c407c2cedff20999df2af8eb42d56 -> 
AssetImportWorkerClient::OnTransportError - code=2 error=End of file
